  INFO ---------------------------------------------------------------------------
  INFO START 2020-09-13 18:51:26 +0530 cap production deploy
  INFO ---------------------------------------------------------------------------
  INFO [b29f7364] Running /usr/bin/env mkdir -p /tmp as deploy@159.65.147.10
 DEBUG [b29f7364] Command: /usr/bin/env mkdir -p /tmp
  INFO [b29f7364] Finished in 8.154 seconds with exit status 0 (successful).
 DEBUG Uploading /tmp/git-ssh-eventazor-production-anshu.sh 0.0%
  INFO ---------------------------------------------------------------------------
  INFO START 2020-09-13 18:52:58 +0530 cap production deploy
  INFO ---------------------------------------------------------------------------
  INFO [736eb1bc] Running /usr/bin/env mkdir -p /tmp as deploy@159.65.147.10
 DEBUG [736eb1bc] Command: /usr/bin/env mkdir -p /tmp
  INFO [736eb1bc] Finished in 6.702 seconds with exit status 0 (successful).
 DEBUG Uploading /tmp/git-ssh-eventazor-production-anshu.sh 0.0%
  INFO Uploading /tmp/git-ssh-eventazor-production-anshu.sh 100.0%
  INFO [eddad977] Running /usr/bin/env chmod 700 /tmp/git-ssh-eventazor-production-anshu.sh as deploy@159.65.147.10
 DEBUG [eddad977] Command: /usr/bin/env chmod 700 /tmp/git-ssh-eventazor-production-anshu.sh
 DEBUG [eddad977] 	chmod: 
 DEBUG [eddad977] 	changing permissions of '/tmp/git-ssh-eventazor-production-anshu.sh'
 DEBUG [eddad977] 	: Operation not permitted
 DEBUG [eddad977] 	
  INFO ---------------------------------------------------------------------------
  INFO START 2020-09-13 19:04:52 +0530 cap production git:check
  INFO ---------------------------------------------------------------------------
  INFO [ff329329] Running /usr/bin/env mkdir -p /tmp as deploy@159.65.147.10
 DEBUG [ff329329] Command: /usr/bin/env mkdir -p /tmp
  INFO [ff329329] Finished in 7.377 seconds with exit status 0 (successful).
 DEBUG Uploading /tmp/git-ssh-eventazor-production-anshu.sh 0.0%
  INFO Uploading /tmp/git-ssh-eventazor-production-anshu.sh 100.0%
  INFO [7123a89a] Running /usr/bin/env chmod 700 /tmp/git-ssh-eventazor-production-anshu.sh as deploy@159.65.147.10
 DEBUG [7123a89a] Command: /usr/bin/env chmod 700 /tmp/git-ssh-eventazor-production-anshu.sh
 DEBUG [7123a89a] 	chmod: 
 DEBUG [7123a89a] 	changing permissions of '/tmp/git-ssh-eventazor-production-anshu.sh'
 DEBUG [7123a89a] 	: Operation not permitted
 DEBUG [7123a89a] 	
  INFO ---------------------------------------------------------------------------
  INFO START 2020-09-13 19:09:16 +0530 cap production git:check
  INFO ---------------------------------------------------------------------------
  INFO [e3db1468] Running /usr/bin/env mkdir -p /tmp as deploy@159.65.147.10
 DEBUG [e3db1468] Command: /usr/bin/env mkdir -p /tmp
  INFO [e3db1468] Finished in 10.157 seconds with exit status 0 (successful).
 DEBUG Uploading /tmp/git-ssh-eventazor-production-anshu.sh 0.0%
  INFO Uploading /tmp/git-ssh-eventazor-production-anshu.sh 100.0%
  INFO [75cb81bb] Running /usr/bin/env chmod 700 /tmp/git-ssh-eventazor-production-anshu.sh as deploy@159.65.147.10
 DEBUG [75cb81bb] Command: /usr/bin/env chmod 700 /tmp/git-ssh-eventazor-production-anshu.sh
 DEBUG [75cb81bb] 	chmod: 
 DEBUG [75cb81bb] 	changing permissions of '/tmp/git-ssh-eventazor-production-anshu.sh'
 DEBUG [75cb81bb] 	: Operation not permitted
 DEBUG [75cb81bb] 	
  INFO ---------------------------------------------------------------------------
  INFO START 2020-09-13 19:16:23 +0530 cap production git:check
  INFO ---------------------------------------------------------------------------
  INFO [dc45f009] Running /usr/bin/env mkdir -p /tmp as deploy@159.65.147.10
 DEBUG [dc45f009] Command: /usr/bin/env mkdir -p /tmp
  INFO [dc45f009] Finished in 1.488 seconds with exit status 0 (successful).
 DEBUG Uploading /tmp/git-ssh-eventazor-production-anshu.sh 0.0%
  INFO Uploading /tmp/git-ssh-eventazor-production-anshu.sh 100.0%
  INFO [53f32fb4] Running /usr/bin/env chmod 700 /tmp/git-ssh-eventazor-production-anshu.sh as deploy@159.65.147.10
 DEBUG [53f32fb4] Command: /usr/bin/env chmod 700 /tmp/git-ssh-eventazor-production-anshu.sh
 DEBUG [53f32fb4] 	chmod: 
 DEBUG [53f32fb4] 	changing permissions of '/tmp/git-ssh-eventazor-production-anshu.sh'
 DEBUG [53f32fb4] 	: Operation not permitted
 DEBUG [53f32fb4] 	
  INFO ---------------------------------------------------------------------------
  INFO START 2020-09-13 19:18:28 +0530 cap production git:check
  INFO ---------------------------------------------------------------------------
  INFO [2ba3bd7d] Running /usr/bin/env mkdir -p /tmp as deploy@159.65.147.10
 DEBUG [2ba3bd7d] Command: /usr/bin/env mkdir -p /tmp
  INFO [2ba3bd7d] Finished in 1.563 seconds with exit status 0 (successful).
 DEBUG Uploading /tmp/git-ssh-eventazor-production-anshu.sh 0.0%
  INFO Uploading /tmp/git-ssh-eventazor-production-anshu.sh 100.0%
  INFO [28e98b72] Running /usr/bin/env chmod 700 /tmp/git-ssh-eventazor-production-anshu.sh as deploy@159.65.147.10
 DEBUG [28e98b72] Command: /usr/bin/env chmod 700 /tmp/git-ssh-eventazor-production-anshu.sh
 DEBUG [28e98b72] 	chmod: 
 DEBUG [28e98b72] 	changing permissions of '/tmp/git-ssh-eventazor-production-anshu.sh'
 DEBUG [28e98b72] 	: Operation not permitted
 DEBUG [28e98b72] 	
  INFO ---------------------------------------------------------------------------
  INFO START 2020-09-13 19:19:42 +0530 cap production git:check
  INFO ---------------------------------------------------------------------------
  INFO [579e88c3] Running /usr/bin/env mkdir -p /tmp as deploy@159.65.147.10
 DEBUG [579e88c3] Command: /usr/bin/env mkdir -p /tmp
  INFO [579e88c3] Finished in 1.607 seconds with exit status 0 (successful).
 DEBUG Uploading /tmp/git-ssh-eventazor-production-anshu.sh 0.0%
  INFO Uploading /tmp/git-ssh-eventazor-production-anshu.sh 100.0%
  INFO [7ac90113] Running /usr/bin/env chmod 700 /tmp/git-ssh-eventazor-production-anshu.sh as deploy@159.65.147.10
 DEBUG [7ac90113] Command: /usr/bin/env chmod 700 /tmp/git-ssh-eventazor-production-anshu.sh
 DEBUG [7ac90113] 	chmod: 
 DEBUG [7ac90113] 	changing permissions of '/tmp/git-ssh-eventazor-production-anshu.sh'
 DEBUG [7ac90113] 	: Operation not permitted
 DEBUG [7ac90113] 	
  INFO ---------------------------------------------------------------------------
  INFO START 2020-09-13 19:20:15 +0530 cap production git:check
  INFO ---------------------------------------------------------------------------
  INFO [70c4187c] Running /usr/bin/env mkdir -p /tmp as deploy@159.65.147.10
 DEBUG [70c4187c] Command: /usr/bin/env mkdir -p /tmp
  INFO [70c4187c] Finished in 1.960 seconds with exit status 0 (successful).
 DEBUG Uploading /tmp/git-ssh-eventazor-production-anshu.sh 0.0%
  INFO Uploading /tmp/git-ssh-eventazor-production-anshu.sh 100.0%
  INFO [892ad1af] Running /usr/bin/env chmod 700 /tmp/git-ssh-eventazor-production-anshu.sh as deploy@159.65.147.10
 DEBUG [892ad1af] Command: /usr/bin/env chmod 700 /tmp/git-ssh-eventazor-production-anshu.sh
 DEBUG [892ad1af] 	chmod: 
 DEBUG [892ad1af] 	changing permissions of '/tmp/git-ssh-eventazor-production-anshu.sh'
 DEBUG [892ad1af] 	: Operation not permitted
 DEBUG [892ad1af] 	
  INFO ---------------------------------------------------------------------------
  INFO START 2020-09-13 19:21:55 +0530 cap production git:check
  INFO ---------------------------------------------------------------------------
  INFO [aa3c81b0] Running /usr/bin/env mkdir -p /tmp as deploy@159.65.147.10
 DEBUG [aa3c81b0] Command: /usr/bin/env mkdir -p /tmp
  INFO [aa3c81b0] Finished in 1.642 seconds with exit status 0 (successful).
 DEBUG Uploading /tmp/git-ssh-eventazor-production-anshu.sh 0.0%
  INFO Uploading /tmp/git-ssh-eventazor-production-anshu.sh 100.0%
  INFO [750b518a] Running /usr/bin/env chmod 700 /tmp/git-ssh-eventazor-production-anshu.sh as deploy@159.65.147.10
 DEBUG [750b518a] Command: /usr/bin/env chmod 700 /tmp/git-ssh-eventazor-production-anshu.sh
 DEBUG [750b518a] 	chmod: 
 DEBUG [750b518a] 	changing permissions of '/tmp/git-ssh-eventazor-production-anshu.sh'
 DEBUG [750b518a] 	: Operation not permitted
 DEBUG [750b518a] 	
  INFO ---------------------------------------------------------------------------
  INFO START 2020-09-13 19:23:14 +0530 cap production git:check
  INFO ---------------------------------------------------------------------------
  INFO [196bf420] Running /usr/bin/env mkdir -p /tmp as deploy@159.65.147.10
 DEBUG [196bf420] Command: /usr/bin/env mkdir -p /tmp
  INFO [196bf420] Finished in 1.728 seconds with exit status 0 (successful).
 DEBUG Uploading /tmp/git-ssh-eventazor-production-anshu.sh 0.0%
  INFO Uploading /tmp/git-ssh-eventazor-production-anshu.sh 100.0%
  INFO [f8a8dbb5] Running /usr/bin/env chmod 700 /tmp/git-ssh-eventazor-production-anshu.sh as deploy@159.65.147.10
 DEBUG [f8a8dbb5] Command: /usr/bin/env chmod 700 /tmp/git-ssh-eventazor-production-anshu.sh
 DEBUG [f8a8dbb5] 	chmod: 
 DEBUG [f8a8dbb5] 	changing permissions of '/tmp/git-ssh-eventazor-production-anshu.sh'
 DEBUG [f8a8dbb5] 	: Operation not permitted
 DEBUG [f8a8dbb5] 	
  INFO ---------------------------------------------------------------------------
  INFO START 2020-09-13 19:30:32 +0530 cap production git:check
  INFO ---------------------------------------------------------------------------
  INFO [be3cbafd] Running /usr/bin/env mkdir -p /tmp as deploy@159.65.147.10
 DEBUG [be3cbafd] Command: /usr/bin/env mkdir -p /tmp
  INFO [be3cbafd] Finished in 1.773 seconds with exit status 0 (successful).
 DEBUG Uploading /tmp/git-ssh-eventazor-production-anshu.sh 0.0%
  INFO Uploading /tmp/git-ssh-eventazor-production-anshu.sh 100.0%
  INFO [90825f1e] Running /usr/bin/env chmod 700 /tmp/git-ssh-eventazor-production-anshu.sh as deploy@159.65.147.10
 DEBUG [90825f1e] Command: /usr/bin/env chmod 700 /tmp/git-ssh-eventazor-production-anshu.sh
 DEBUG [90825f1e] 	chmod: 
 DEBUG [90825f1e] 	changing permissions of '/tmp/git-ssh-eventazor-production-anshu.sh'
 DEBUG [90825f1e] 	: Operation not permitted
 DEBUG [90825f1e] 	
